<?xml version="1.0" encoding="utf-8"?><testsuites><testsuite errors="0" failures="0" hostname="markustessmann-92MM" name="pytest" skipped="0" tests="309" time="1672.154" timestamp="2021-10-13T07:48:42.147019"><testcase classname="gym-unity.gym_unity.tests.test_gym" name="test_gym_wrapper" time="0.005" /><testcase classname="gym-unity.gym_unity.tests.test_gym" name="test_branched_flatten" time="0.002" /><testcase classname="gym-unity.gym_unity.tests.test_gym" name="test_action_space" time="0.002" /><testcase classname="gym-unity.gym_unity.tests.test_gym" name="test_action_space_seed" time="0.004" /><testcase classname="gym-unity.gym_unity.tests.test_gym" name="test_gym_wrapper_visual[float]" time="0.003" /><testcase classname="gym-unity.gym_unity.tests.test_gym" name="test_gym_wrapper_visual[uint8]" time="0.003" /><testcase classname="gym-unity.gym_unity.tests.test_gym" name="test_gym_wrapper_single_visual_and_vector[float]" time="0.004" /><testcase classname="gym-unity.gym_unity.tests.test_gym" name="test_gym_wrapper_single_visual_and_vector[uint8]" time="0.005" /><testcase classname="gym-unity.gym_unity.tests.test_gym" name="test_gym_wrapper_multi_visual_and_vector[float]" time="0.004" /><testcase classname="gym-unity.gym_unity.tests.test_gym" name="test_gym_wrapper_multi_visual_and_vector[uint8]" time="0.004" /><testcase classname="ml-agents.mlagents.trainers.tests.test_agent_processor" name="test_agentprocessor[vec]" time="0.004" /><testcase classname="ml-agents.mlagents.trainers.tests.test_agent_processor" name="test_agentprocessor[1 viz]" time="0.003" /><testcase classname="ml-agents.mlagents.trainers.tests.test_agent_processor" name="test_agentprocessor[2 viz]" time="0.003" /><testcase classname="ml-agents.mlagents.trainers.tests.test_agent_processor" name="test_group_statuses" time="0.007" /><testcase classname="ml-agents.mlagents.trainers.tests.test_agent_processor" name="test_agent_deletion" time="0.005" /><testcase classname="ml-agents.mlagents.trainers.tests.test_agent_processor" name="test_end_episode" time="0.004" /><testcase classname="ml-agents.mlagents.trainers.tests.test_agent_processor" name="test_agent_manager" time="0.002" /><testcase classname="ml-agents.mlagents.trainers.tests.test_agent_processor" name="test_agent_manager_queue" time="0.009" /><testcase classname="ml-agents.mlagents.trainers.tests.test_agent_processor" name="test_agent_manager_stats" time="0.001" /><testcase classname="ml-agents.mlagents.trainers.tests.test_buffer" name="test_buffer" time="0.002" /><testcase classname="ml-agents.mlagents.trainers.tests.test_buffer" name="test_agentbufferfield" time="0.001" /><testcase classname="ml-agents.mlagents.trainers.tests.test_buffer" name="test_buffer_sample" time="0.002" /><testcase classname="ml-agents.mlagents.trainers.tests.test_buffer" name="test_num_experiences" time="0.001" /><testcase classname="ml-agents.mlagents.trainers.tests.test_buffer" name="test_buffer_truncate" time="0.002" /><testcase classname="ml-agents.mlagents.trainers.tests.test_buffer" name="test_key_encode_decode" time="0.001" /><testcase classname="ml-agents.mlagents.trainers.tests.test_buffer" name="test_buffer_save_load" time="0.006" /><testcase classname="ml-agents.mlagents.trainers.tests.test_config_conversion" name="test_convert_behaviors[TrainerType.PPO-True]" time="0.013" /><testcase classname="ml-agents.mlagents.trainers.tests.test_config_conversion" name="test_convert_behaviors[TrainerType.PPO-False]" time="0.012" /><testcase classname="ml-agents.mlagents.trainers.tests.test_config_conversion" name="test_convert_behaviors[TrainerType.SAC-True]" time="0.015" /><testcase classname="ml-agents.mlagents.trainers.tests.test_config_conversion" name="test_convert_behaviors[TrainerType.SAC-False]" time="0.015" /><testcase classname="ml-agents.mlagents.trainers.tests.test_config_conversion" name="test_convert" time="0.021" /><testcase classname="ml-agents.mlagents.trainers.tests.test_config_conversion" name="test_remove_nones" time="0.001" /><testcase classname="ml-agents.mlagents.trainers.tests.test_demo_loader" name="test_load_demo" time="0.926" /><testcase classname="ml-agents.mlagents.trainers.tests.test_demo_loader" name="test_load_demo_dir" time="0.039" /><testcase classname="ml-agents.mlagents.trainers.tests.test_demo_loader" name="test_demo_mismatch" time="3.684" /><testcase classname="ml-agents.mlagents.trainers.tests.test_demo_loader" name="test_edge_cases" time="0.004" /><testcase classname="ml-agents.mlagents.trainers.tests.test_demo_loader" name="test_unsupported_version_raises_error" time="0.005" /><testcase classname="ml-agents.mlagents.trainers.tests.test_env_param_manager" name="test_sampler_conversion" time="0.003" /><testcase classname="ml-agents.mlagents.trainers.tests.test_env_param_manager" name="test_sampler_and_constant_conversion" time="0.002" /><testcase classname="ml-agents.mlagents.trainers.tests.test_env_param_manager" name="test_curriculum_conversion" time="0.008" /><testcase classname="ml-agents.mlagents.trainers.tests.test_env_param_manager" name="test_curriculum_raises_no_completion_criteria_conversion" time="0.006" /><testcase classname="ml-agents.mlagents.trainers.tests.test_env_param_manager" name="test_curriculum_raises_all_completion_criteria_conversion" time="0.009" /><testcase classname="ml-agents.mlagents.trainers.tests.test_env_param_manager" name="test_create_manager" time="0.009" /><testcase classname="ml-agents.mlagents.trainers.tests.test_env_param_manager" name="test_curriculum_no_behavior" time="0.004" /><testcase classname="ml-agents.mlagents.trainers.tests.test_learn" name="test_run_training" time="0.422" /><testcase classname="ml-agents.mlagents.trainers.tests.test_learn" name="test_bad_env_path" time="0.012" /><testcase classname="ml-agents.mlagents.trainers.tests.test_learn" name="test_commandline_args" time="0.007" /><testcase classname="ml-agents.mlagents.trainers.tests.test_learn" name="test_yaml_args" time="0.011" /><testcase classname="ml-agents.mlagents.trainers.tests.test_learn" name="test_env_args" time="0.005" /><testcase classname="ml-agents.mlagents.trainers.tests.test_rl_trainer" name="test_rl_trainer" time="0.001" /><testcase classname="ml-agents.mlagents.trainers.tests.test_rl_trainer" name="test_clear_update_buffer" time="0.001" /><testcase classname="ml-agents.mlagents.trainers.tests.test_rl_trainer" name="test_advance" time="0.007" /><testcase classname="ml-agents.mlagents.trainers.tests.test_rl_trainer" name="test_summary_checkpoint" time="0.005" /><testcase classname="ml-agents.mlagents.trainers.tests.test_rl_trainer" name="test_update_buffer_append" time="0.008" /><testcase classname="ml-agents.mlagents.trainers.tests.test_rl_trainer.RLTrainerWarningTest" name="test_warning_group_reward" time="0.004" /><testcase classname="ml-agents.mlagents.trainers.tests.test_settings" name="test_is_new_instance" time="0.001" /><testcase classname="ml-agents.mlagents.trainers.tests.test_settings" name="test_no_configuration" time="0.001" /><testcase classname="ml-agents.mlagents.trainers.tests.test_settings" name="test_strict_to_cls" time="0.002" /><testcase classname="ml-agents.mlagents.trainers.tests.test_settings" name="test_deep_update_dict" time="0.001" /><testcase classname="ml-agents.mlagents.trainers.tests.test_settings" name="test_trainersettings_structure" time="0.001" /><testcase classname="ml-agents.mlagents.trainers.tests.test_settings" name="test_reward_signal_structure" time="0.001" /><testcase classname="ml-agents.mlagents.trainers.tests.test_settings" name="test_memory_settings_validation" time="0.001" /><testcase classname="ml-agents.mlagents.trainers.tests.test_settings" name="test_env_parameter_structure" time="0.002" /><testcase classname="ml-agents.mlagents.trainers.tests.test_settings" name="test_exportable_settings[True]" time="0.002" /><testcase classname="ml-agents.mlagents.trainers.tests.test_settings" name="test_exportable_settings[False]" time="0.058" /><testcase classname="ml-agents.mlagents.trainers.tests.test_settings" name="test_environment_settings" time="0.001" /><testcase classname="ml-agents.mlagents.trainers.tests.test_settings" name="test_default_settings" time="0.002" /><testcase classname="ml-agents.mlagents.trainers.tests.test_settings" name="test_config_specified" time="0.002" /><testcase classname="ml-agents.mlagents.trainers.tests.test_settings" name="test_pickle" time="0.001" /><testcase classname="ml-agents.mlagents.trainers.tests.test_stats" name="test_stat_reporter_add_summary_write" time="0.003" /><testcase classname="ml-agents.mlagents.trainers.tests.test_stats" name="test_stat_reporter_property" time="0.001" /><testcase classname="ml-agents.mlagents.trainers.tests.test_stats" name="test_tensorboard_writer" time="0.003" /><testcase classname="ml-agents.mlagents.trainers.tests.test_stats" name="test_tensorboard_writer_clear" time="5.992" /><testcase classname="ml-agents.mlagents.trainers.tests.test_stats" name="test_tensorboard_writer_hidden_keys" time="0.003" /><testcase classname="ml-agents.mlagents.trainers.tests.test_stats" name="test_gauge_stat_writer_sanitize" time="0.001" /><testcase classname="ml-agents.mlagents.trainers.tests.test_stats.ConsoleWriterTest" name="test_console_writer" time="0.002" /><testcase classname="ml-agents.mlagents.trainers.tests.test_stats.ConsoleWriterTest" name="test_selfplay_console_writer" time="0.001" /><testcase classname="ml-agents.mlagents.trainers.tests.test_subprocess_env_manager.SubprocessEnvManagerTest" name="test_advance" time="0.005" /><testcase classname="ml-agents.mlagents.trainers.tests.test_subprocess_env_manager.SubprocessEnvManagerTest" name="test_environments_are_created" time="0.002" /><testcase classname="ml-agents.mlagents.trainers.tests.test_subprocess_env_manager.SubprocessEnvManagerTest" name="test_reset_collects_results_from_all_envs" time="0.002" /><testcase classname="ml-agents.mlagents.trainers.tests.test_subprocess_env_manager.SubprocessEnvManagerTest" name="test_reset_passes_reset_params" time="0.002" /><testcase classname="ml-agents.mlagents.trainers.tests.test_subprocess_env_manager.SubprocessEnvManagerTest" name="test_step_takes_steps_for_all_non_waiting_envs" time="0.002" /><testcase classname="ml-agents.mlagents.trainers.tests.test_subprocess_env_manager.SubprocessEnvManagerTest" name="test_training_behaviors_collects_results_from_all_envs" time="0.003" /><testcase classname="ml-agents.mlagents.trainers.tests.test_subprocess_env_manager" name="test_subprocess_env_endtoend[1]" time="9.186" /><testcase classname="ml-agents.mlagents.trainers.tests.test_subprocess_env_manager" name="test_subprocess_env_endtoend[4]" time="7.535" /><testcase classname="ml-agents.mlagents.trainers.tests.test_subprocess_env_manager" name="test_subprocess_failing_step[1]" time="0.684" /><testcase classname="ml-agents.mlagents.trainers.tests.test_subprocess_env_manager" name="test_subprocess_failing_step[4]" time="0.681" /><testcase classname="ml-agents.mlagents.trainers.tests.test_subprocess_env_manager" name="test_subprocess_env_raises_errors[1]" time="1.056" /><testcase classname="ml-agents.mlagents.trainers.tests.test_subprocess_env_manager" name="test_subprocess_env_raises_errors[4]" time="1.207" /><testcase classname="ml-agents.mlagents.trainers.tests.test_torch_utils" name="test_set_torch_device[cpu-cpu-None-FloatTensor]" time="0.005" /><testcase classname="ml-agents.mlagents.trainers.tests.test_torch_utils" name="test_set_torch_device[cuda-cuda-None-FloatTensor]" time="0.003" /><testcase classname="ml-agents.mlagents.trainers.tests.test_torch_utils" name="test_set_torch_device[cuda:42-cuda-42-FloatTensor]" time="0.002" /><testcase classname="ml-agents.mlagents.trainers.tests.test_torch_utils" name="test_set_torch_device[opengl-opengl-None-FloatTensor]" time="0.006" /><testcase classname="ml-agents.mlagents.trainers.tests.test_trainer_controller" name="test_initialization_seed" time="0.004" /><testcase classname="ml-agents.mlagents.trainers.tests.test_trainer_controller" name="test_start_learning_trains_forever_if_no_train_model" time="0.010" /><testcase classname="ml-agents.mlagents.trainers.tests.test_trainer_controller" name="test_start_learning_trains_until_max_steps_then_saves" time="0.006" /><testcase classname="ml-agents.mlagents.trainers.tests.test_trainer_controller" name="test_advance_adds_experiences_to_trainer_and_trains" time="0.006" /><testcase classname="ml-agents.mlagents.trainers.tests.test_trainer_util" name="test_initialize_ppo_trainer" time="0.002" /><testcase classname="ml-agents.mlagents.trainers.tests.test_trainer_util" name="test_handles_no_config_provided" time="0.002" /><testcase classname="ml-agents.mlagents.trainers.tests.test_trainer_util" name="test_load_config_missing_file" time="0.001" /><testcase classname="ml-agents.mlagents.trainers.tests.test_trainer_util" name="test_load_config_valid_yaml" time="0.003" /><testcase classname="ml-agents.mlagents.trainers.tests.test_trainer_util" name="test_load_config_invalid_yaml" time="0.002" /><testcase classname="ml-agents.mlagents.trainers.tests.test_trainer_util" name="test_existing_directories" time="0.004" /><testcase classname="ml-agents.mlagents.trainers.tests.test_training_status" name="test_globaltrainingstatus" time="0.006" /><testcase classname="ml-agents.mlagents.trainers.tests.test_training_status" name="test_model_management" time="0.002" /><testcase classname="ml-agents.mlagents.trainers.tests.test_training_status.StatsMetaDataTest" name="test_metadata_compare" time="0.003" /><testcase classname="ml-agents.mlagents.trainers.tests.test_trajectory" name="test_trajectory_to_agentbuffer" time="0.006" /><testcase classname="ml-agents.mlagents.trainers.tests.test_trajectory" name="test_obsutil_group_from_buffer" time="0.001" /><testcase classname="ml-agents.mlagents.trainers.tests.torch.test_action_model" name="test_get_dists" time="0.006" /><testcase classname="ml-agents.mlagents.trainers.tests.torch.test_action_model" name="test_sample_action" time="0.002" /><testcase classname="ml-agents.mlagents.trainers.tests.torch.test_action_model" name="test_get_probs_and_entropy" time="0.003" /><testcase classname="ml-agents.mlagents.trainers.tests.torch.test_agent_action" name="test_agent_action_group_from_buffer" time="0.001" /><testcase classname="ml-agents.mlagents.trainers.tests.torch.test_agent_action" name="test_slice" time="0.001" /><testcase classname="ml-agents.mlagents.trainers.tests.torch.test_agent_action" name="test_to_flat" time="0.002" /><testcase classname="ml-agents.mlagents.trainers.tests.torch.test_attention" name="test_multi_head_attention_initialization" time="0.002" /><testcase classname="ml-agents.mlagents.trainers.tests.torch.test_attention" name="test_multi_head_attention_masking" time="0.002" /><testcase classname="ml-agents.mlagents.trainers.tests.torch.test_attention" name="test_zero_mask_layer" time="0.001" /><testcase classname="ml-agents.mlagents.trainers.tests.torch.test_attention" name="test_all_masking[0]" time="0.025" /><testcase classname="ml-agents.mlagents.trainers.tests.torch.test_attention" name="test_all_masking[1]" time="0.020" /><testcase classname="ml-agents.mlagents.trainers.tests.torch.test_attention" name="test_predict_closest_training" time="2.099" /><testcase classname="ml-agents.mlagents.trainers.tests.torch.test_attention" name="test_predict_minimum_training" time="2.929" /><testcase classname="ml-agents.mlagents.trainers.tests.torch.test_bcmodule" name="test_bcmodule_defaults" time="1.923" /><testcase classname="ml-agents.mlagents.trainers.tests.torch.test_bcmodule" name="test_bcmodule_update[sac]" time="1.095" /><testcase classname="ml-agents.mlagents.trainers.tests.torch.test_bcmodule" name="test_bcmodule_update[ppo]" time="1.098" /><testcase classname="ml-agents.mlagents.trainers.tests.torch.test_bcmodule" name="test_bcmodule_constant_lr_update[sac]" time="1.228" /><testcase classname="ml-agents.mlagents.trainers.tests.torch.test_bcmodule" name="test_bcmodule_constant_lr_update[ppo]" time="1.263" /><testcase classname="ml-agents.mlagents.trainers.tests.torch.test_bcmodule" name="test_bcmodule_linear_lr_update[sac]" time="1.081" /><testcase classname="ml-agents.mlagents.trainers.tests.torch.test_bcmodule" name="test_bcmodule_linear_lr_update[ppo]" time="1.093" /><testcase classname="ml-agents.mlagents.trainers.tests.torch.test_bcmodule" name="test_bcmodule_rnn_update[sac]" time="1.075" /><testcase classname="ml-agents.mlagents.trainers.tests.torch.test_bcmodule" name="test_bcmodule_rnn_update[ppo]" time="1.091" /><testcase classname="ml-agents.mlagents.trainers.tests.torch.test_bcmodule" name="test_bcmodule_dc_visual_update[sac]" time="0.140" /><testcase classname="ml-agents.mlagents.trainers.tests.torch.test_bcmodule" name="test_bcmodule_dc_visual_update[ppo]" time="0.125" /><testcase classname="ml-agents.mlagents.trainers.tests.torch.test_bcmodule" name="test_bcmodule_rnn_dc_update[sac]" time="0.177" /><testcase classname="ml-agents.mlagents.trainers.tests.torch.test_bcmodule" name="test_bcmodule_rnn_dc_update[ppo]" time="0.181" /><testcase classname="ml-agents.mlagents.trainers.tests.torch.test_conditioning" name="test_conditional_layer_initialization" time="0.003" /><testcase classname="ml-agents.mlagents.trainers.tests.torch.test_conditioning" name="test_predict_with_condition[1]" time="0.637" /><testcase classname="ml-agents.mlagents.trainers.tests.torch.test_conditioning" name="test_predict_with_condition[2]" time="1.048" /><testcase classname="ml-agents.mlagents.trainers.tests.torch.test_conditioning" name="test_predict_with_condition[3]" time="1.452" /><testcase classname="ml-agents.mlagents.trainers.tests.torch.test_decoders" name="test_valueheads" time="0.014" /><testcase classname="ml-agents.mlagents.trainers.tests.torch.test_distributions" name="test_gaussian_distribution[True-True]" time="0.042" /><testcase classname="ml-agents.mlagents.trainers.tests.torch.test_distributions" name="test_gaussian_distribution[True-False]" time="0.042" /><testcase classname="ml-agents.mlagents.trainers.tests.torch.test_distributions" name="test_gaussian_distribution[False-True]" time="0.037" /><testcase classname="ml-agents.mlagents.trainers.tests.torch.test_distributions" name="test_gaussian_distribution[False-False]" time="0.034" /><testcase classname="ml-agents.mlagents.trainers.tests.torch.test_distributions" name="test_multi_categorical_distribution" time="0.122" /><testcase classname="ml-agents.mlagents.trainers.tests.torch.test_distributions" name="test_gaussian_dist_instance" time="0.002" /><testcase classname="ml-agents.mlagents.trainers.tests.torch.test_distributions" name="test_tanh_gaussian_dist_instance" time="0.002" /><testcase classname="ml-agents.mlagents.trainers.tests.torch.test_distributions" name="test_categorical_dist_instance" time="0.002" /><testcase classname="ml-agents.mlagents.trainers.tests.torch.test_encoders" name="test_normalizer" time="0.002" /><testcase classname="ml-agents.mlagents.trainers.tests.torch.test_encoders" name="test_vector_encoder" time="0.002" /><testcase classname="ml-agents.mlagents.trainers.tests.torch.test_encoders" name="test_visual_encoder[SimpleVisualEncoder-image_size0]" time="0.004" /><testcase classname="ml-agents.mlagents.trainers.tests.torch.test_encoders" name="test_visual_encoder[SimpleVisualEncoder-image_size1]" time="0.006" /><testcase classname="ml-agents.mlagents.trainers.tests.torch.test_encoders" name="test_visual_encoder[SimpleVisualEncoder-image_size2]" time="0.047" /><testcase classname="ml-agents.mlagents.trainers.tests.torch.test_encoders" name="test_visual_encoder[ResNetVisualEncoder-image_size0]" time="0.008" /><testcase classname="ml-agents.mlagents.trainers.tests.torch.test_encoders" name="test_visual_encoder[ResNetVisualEncoder-image_size1]" time="0.016" /><testcase classname="ml-agents.mlagents.trainers.tests.torch.test_encoders" name="test_visual_encoder[ResNetVisualEncoder-image_size2]" time="0.088" /><testcase classname="ml-agents.mlagents.trainers.tests.torch.test_encoders" name="test_visual_encoder[NatureVisualEncoder-image_size0]" time="0.004" /><testcase classname="ml-agents.mlagents.trainers.tests.torch.test_encoders" name="test_visual_encoder[NatureVisualEncoder-image_size1]" time="0.009" /><testcase classname="ml-agents.mlagents.trainers.tests.torch.test_encoders" name="test_visual_encoder[NatureVisualEncoder-image_size2]" time="0.079" /><testcase classname="ml-agents.mlagents.trainers.tests.torch.test_ghost" name="test_load_and_set[True]" time="0.019" /><testcase classname="ml-agents.mlagents.trainers.tests.torch.test_ghost" name="test_load_and_set[False]" time="0.007" /><testcase classname="ml-agents.mlagents.trainers.tests.torch.test_ghost" name="test_resume" time="0.110" /><testcase classname="ml-agents.mlagents.trainers.tests.torch.test_ghost" name="test_process_trajectory" time="0.016" /><testcase classname="ml-agents.mlagents.trainers.tests.torch.test_ghost" name="test_publish_queue" time="4.719" /><testcase classname="ml-agents.mlagents.trainers.tests.torch.test_hybrid" name="test_hybrid_ppo[action_size0]" time="19.971" /><testcase classname="ml-agents.mlagents.trainers.tests.torch.test_hybrid" name="test_hybrid_ppo[action_size1]" time="21.253" /><testcase classname="ml-agents.mlagents.trainers.tests.torch.test_hybrid" name="test_hybrid_ppo[action_size2]" time="22.356" /><testcase classname="ml-agents.mlagents.trainers.tests.torch.test_hybrid" name="test_hybrid_ppo[action_size3]" time="19.269" /><testcase classname="ml-agents.mlagents.trainers.tests.torch.test_hybrid" name="test_hybrid_visual_ppo[1-1336]" time="18.985" /><testcase classname="ml-agents.mlagents.trainers.tests.torch.test_hybrid" name="test_hybrid_visual_ppo[2-1338]" time="23.356" /><testcase classname="ml-agents.mlagents.trainers.tests.torch.test_hybrid" name="test_hybrid_recurrent_ppo" time="97.204" /><testcase classname="ml-agents.mlagents.trainers.tests.torch.test_hybrid" name="test_hybrid_sac[action_size0]" time="98.778" /><testcase classname="ml-agents.mlagents.trainers.tests.torch.test_hybrid" name="test_hybrid_sac[action_size1]" time="100.825" /><testcase classname="ml-agents.mlagents.trainers.tests.torch.test_hybrid" name="test_hybrid_sac[action_size2]" time="101.589" /><testcase classname="ml-agents.mlagents.trainers.tests.torch.test_hybrid" name="test_hybrid_sac[action_size3]" time="95.775" /><testcase classname="ml-agents.mlagents.trainers.tests.torch.test_hybrid" name="test_hybrid_visual_sac[1-1337]" time="89.595" /><testcase classname="ml-agents.mlagents.trainers.tests.torch.test_hybrid" name="test_hybrid_visual_sac[2-1338]" time="132.272" /><testcase classname="ml-agents.mlagents.trainers.tests.torch.test_hybrid" name="test_hybrid_recurrent_sac" time="45.414" /><testcase classname="ml-agents.mlagents.trainers.tests.torch.test_layers" name="test_swish" time="0.001" /><testcase classname="ml-agents.mlagents.trainers.tests.torch.test_layers" name="test_initialization_layer" time="0.003" /><testcase classname="ml-agents.mlagents.trainers.tests.torch.test_layers" name="test_lstm_layer" time="0.002" /><testcase classname="ml-agents.mlagents.trainers.tests.torch.test_layers" name="test_lstm_class" time="0.003" /><testcase classname="ml-agents.mlagents.trainers.tests.torch.test_layers" name="test_layer_norm" time="0.002" /><testcase classname="ml-agents.mlagents.trainers.tests.torch.test_networks" name="test_networkbody_vector" time="0.220" /><testcase classname="ml-agents.mlagents.trainers.tests.torch.test_networks" name="test_networkbody_lstm" time="0.585" /><testcase classname="ml-agents.mlagents.trainers.tests.torch.test_networks" name="test_networkbody_visual" time="0.513" /><testcase classname="ml-agents.mlagents.trainers.tests.torch.test_networks" name="test_multinetworkbody_vector[actions]" time="1.202" /><testcase classname="ml-agents.mlagents.trainers.tests.torch.test_networks" name="test_multinetworkbody_vector[no_actions]" time="1.078" /><testcase classname="ml-agents.mlagents.trainers.tests.torch.test_networks" name="test_multinetworkbody_lstm[actions]" time="2.165" /><testcase classname="ml-agents.mlagents.trainers.tests.torch.test_networks" name="test_multinetworkbody_lstm[no_actions]" time="2.048" /><testcase classname="ml-agents.mlagents.trainers.tests.torch.test_networks" name="test_multinetworkbody_visual[actions]" time="3.279" /><testcase classname="ml-agents.mlagents.trainers.tests.torch.test_networks" name="test_multinetworkbody_visual[no_actions]" time="3.202" /><testcase classname="ml-agents.mlagents.trainers.tests.torch.test_networks" name="test_valuenetwork" time="0.078" /><testcase classname="ml-agents.mlagents.trainers.tests.torch.test_networks" name="test_actor_critic[True-True]" time="0.007" /><testcase classname="ml-agents.mlagents.trainers.tests.torch.test_networks" name="test_actor_critic[True-False]" time="0.008" /><testcase classname="ml-agents.mlagents.trainers.tests.torch.test_networks" name="test_actor_critic[False-True]" time="0.005" /><testcase classname="ml-agents.mlagents.trainers.tests.torch.test_networks" name="test_actor_critic[False-False]" time="0.007" /><testcase classname="ml-agents.mlagents.trainers.tests.torch.test_poca" name="test_poca_optimizer_update[rnn-visual-discrete]" time="0.246" /><testcase classname="ml-agents.mlagents.trainers.tests.torch.test_poca" name="test_poca_optimizer_update[rnn-visual-continuous]" time="0.267" /><testcase classname="ml-agents.mlagents.trainers.tests.torch.test_poca" name="test_poca_optimizer_update[rnn-vector-discrete]" time="0.036" /><testcase classname="ml-agents.mlagents.trainers.tests.torch.test_poca" name="test_poca_optimizer_update[rnn-vector-continuous]" time="0.031" /><testcase classname="ml-agents.mlagents.trainers.tests.torch.test_poca" name="test_poca_optimizer_update[no_rnn-visual-discrete]" time="0.278" /><testcase classname="ml-agents.mlagents.trainers.tests.torch.test_poca" name="test_poca_optimizer_update[no_rnn-visual-continuous]" time="0.266" /><testcase classname="ml-agents.mlagents.trainers.tests.torch.test_poca" name="test_poca_optimizer_update[no_rnn-vector-discrete]" time="0.039" /><testcase classname="ml-agents.mlagents.trainers.tests.torch.test_poca" name="test_poca_optimizer_update[no_rnn-vector-continuous]" time="0.031" /><testcase classname="ml-agents.mlagents.trainers.tests.torch.test_poca" name="test_poca_get_value_estimates[rnn-visual-discrete]" time="0.256" /><testcase classname="ml-agents.mlagents.trainers.tests.torch.test_poca" name="test_poca_get_value_estimates[rnn-visual-continuous]" time="0.241" /><testcase classname="ml-agents.mlagents.trainers.tests.torch.test_poca" name="test_poca_get_value_estimates[rnn-vector-discrete]" time="0.067" /><testcase classname="ml-agents.mlagents.trainers.tests.torch.test_poca" name="test_poca_get_value_estimates[rnn-vector-continuous]" time="0.066" /><testcase classname="ml-agents.mlagents.trainers.tests.torch.test_poca" name="test_poca_get_value_estimates[no_rnn-visual-discrete]" time="0.261" /><testcase classname="ml-agents.mlagents.trainers.tests.torch.test_poca" name="test_poca_get_value_estimates[no_rnn-visual-continuous]" time="0.257" /><testcase classname="ml-agents.mlagents.trainers.tests.torch.test_poca" name="test_poca_get_value_estimates[no_rnn-vector-discrete]" time="0.036" /><testcase classname="ml-agents.mlagents.trainers.tests.torch.test_poca" name="test_poca_get_value_estimates[no_rnn-vector-continuous]" time="0.029" /><testcase classname="ml-agents.mlagents.trainers.tests.torch.test_poca" name="test_poca_optimizer_update_curiosity[rnn-visual-discrete]" time="0.104" /><testcase classname="ml-agents.mlagents.trainers.tests.torch.test_poca" name="test_poca_optimizer_update_curiosity[rnn-visual-continuous]" time="0.100" /><testcase classname="ml-agents.mlagents.trainers.tests.torch.test_poca" name="test_poca_optimizer_update_curiosity[rnn-vector-discrete]" time="0.032" /><testcase classname="ml-agents.mlagents.trainers.tests.torch.test_poca" name="test_poca_optimizer_update_curiosity[rnn-vector-continuous]" time="0.027" /><testcase classname="ml-agents.mlagents.trainers.tests.torch.test_poca" name="test_poca_optimizer_update_curiosity[no_rnn-visual-discrete]" time="0.106" /><testcase classname="ml-agents.mlagents.trainers.tests.torch.test_poca" name="test_poca_optimizer_update_curiosity[no_rnn-visual-continuous]" time="0.114" /><testcase classname="ml-agents.mlagents.trainers.tests.torch.test_poca" name="test_poca_optimizer_update_curiosity[no_rnn-vector-discrete]" time="0.031" /><testcase classname="ml-agents.mlagents.trainers.tests.torch.test_poca" name="test_poca_optimizer_update_curiosity[no_rnn-vector-continuous]" time="0.022" /><testcase classname="ml-agents.mlagents.trainers.tests.torch.test_poca" name="test_poca_optimizer_update_gail" time="0.510" /><testcase classname="ml-agents.mlagents.trainers.tests.torch.test_poca" name="test_poca_end_episode" time="0.015" /><testcase classname="ml-agents.mlagents.trainers.tests.torch.test_policy" name="test_policy_evaluate[rnn-visual-discrete]" time="0.012" /><testcase classname="ml-agents.mlagents.trainers.tests.torch.test_policy" name="test_policy_evaluate[rnn-visual-continuous]" time="0.014" /><testcase classname="ml-agents.mlagents.trainers.tests.torch.test_policy" name="test_policy_evaluate[rnn-vector-discrete]" time="0.006" /><testcase classname="ml-agents.mlagents.trainers.tests.torch.test_policy" name="test_policy_evaluate[rnn-vector-continuous]" time="0.005" /><testcase classname="ml-agents.mlagents.trainers.tests.torch.test_policy" name="test_policy_evaluate[no_rnn-visual-discrete]" time="0.012" /><testcase classname="ml-agents.mlagents.trainers.tests.torch.test_policy" name="test_policy_evaluate[no_rnn-visual-continuous]" time="0.011" /><testcase classname="ml-agents.mlagents.trainers.tests.torch.test_policy" name="test_policy_evaluate[no_rnn-vector-discrete]" time="0.005" /><testcase classname="ml-agents.mlagents.trainers.tests.torch.test_policy" name="test_policy_evaluate[no_rnn-vector-continuous]" time="0.003" /><testcase classname="ml-agents.mlagents.trainers.tests.torch.test_policy" name="test_evaluate_actions[rnn-visual-discrete]" time="0.045" /><testcase classname="ml-agents.mlagents.trainers.tests.torch.test_policy" name="test_evaluate_actions[rnn-visual-continuous]" time="0.031" /><testcase classname="ml-agents.mlagents.trainers.tests.torch.test_policy" name="test_evaluate_actions[rnn-vector-discrete]" time="0.017" /><testcase classname="ml-agents.mlagents.trainers.tests.torch.test_policy" name="test_evaluate_actions[rnn-vector-continuous]" time="0.015" /><testcase classname="ml-agents.mlagents.trainers.tests.torch.test_policy" name="test_evaluate_actions[no_rnn-visual-discrete]" time="0.029" /><testcase classname="ml-agents.mlagents.trainers.tests.torch.test_policy" name="test_evaluate_actions[no_rnn-visual-continuous]" time="0.031" /><testcase classname="ml-agents.mlagents.trainers.tests.torch.test_policy" name="test_evaluate_actions[no_rnn-vector-discrete]" time="0.014" /><testcase classname="ml-agents.mlagents.trainers.tests.torch.test_policy" name="test_evaluate_actions[no_rnn-vector-continuous]" time="0.011" /><testcase classname="ml-agents.mlagents.trainers.tests.torch.test_policy" name="test_sample_actions[rnn-visual-discrete]" time="0.037" /><testcase classname="ml-agents.mlagents.trainers.tests.torch.test_policy" name="test_sample_actions[rnn-visual-continuous]" time="0.031" /><testcase classname="ml-agents.mlagents.trainers.tests.torch.test_policy" name="test_sample_actions[rnn-vector-discrete]" time="0.018" /><testcase classname="ml-agents.mlagents.trainers.tests.torch.test_policy" name="test_sample_actions[rnn-vector-continuous]" time="0.015" /><testcase classname="ml-agents.mlagents.trainers.tests.torch.test_policy" name="test_sample_actions[no_rnn-visual-discrete]" time="0.032" /><testcase classname="ml-agents.mlagents.trainers.tests.torch.test_policy" name="test_sample_actions[no_rnn-visual-continuous]" time="0.036" /><testcase classname="ml-agents.mlagents.trainers.tests.torch.test_policy" name="test_sample_actions[no_rnn-vector-discrete]" time="0.014" /><testcase classname="ml-agents.mlagents.trainers.tests.torch.test_policy" name="test_sample_actions[no_rnn-vector-continuous]" time="0.011" /><testcase classname="ml-agents.mlagents.trainers.tests.torch.test_policy" name="test_step_overflow" time="0.003" /><testcase classname="ml-agents.mlagents.trainers.tests.torch.test_ppo" name="test_ppo_optimizer_update[rnn-visual-discrete]" time="0.069" /><testcase classname="ml-agents.mlagents.trainers.tests.torch.test_ppo" name="test_ppo_optimizer_update[rnn-visual-continuous]" time="0.074" /><testcase classname="ml-agents.mlagents.trainers.tests.torch.test_ppo" name="test_ppo_optimizer_update[rnn-vector-discrete]" time="0.024" /><testcase classname="ml-agents.mlagents.trainers.tests.torch.test_ppo" name="test_ppo_optimizer_update[rnn-vector-continuous]" time="0.021" /><testcase classname="ml-agents.mlagents.trainers.tests.torch.test_ppo" name="test_ppo_optimizer_update[no_rnn-visual-discrete]" time="0.066" /><testcase classname="ml-agents.mlagents.trainers.tests.torch.test_ppo" name="test_ppo_optimizer_update[no_rnn-visual-continuous]" time="0.070" /><testcase classname="ml-agents.mlagents.trainers.tests.torch.test_ppo" name="test_ppo_optimizer_update[no_rnn-vector-discrete]" time="0.019" /><testcase classname="ml-agents.mlagents.trainers.tests.torch.test_ppo" name="test_ppo_optimizer_update[no_rnn-vector-continuous]" time="0.015" /><testcase classname="ml-agents.mlagents.trainers.tests.torch.test_ppo" name="test_ppo_optimizer_update_curiosity[rnn-visual-discrete]" time="0.179" /><testcase classname="ml-agents.mlagents.trainers.tests.torch.test_ppo" name="test_ppo_optimizer_update_curiosity[rnn-visual-continuous]" time="0.166" /><testcase classname="ml-agents.mlagents.trainers.tests.torch.test_ppo" name="test_ppo_optimizer_update_curiosity[rnn-vector-discrete]" time="0.034" /><testcase classname="ml-agents.mlagents.trainers.tests.torch.test_ppo" name="test_ppo_optimizer_update_curiosity[rnn-vector-continuous]" time="0.030" /><testcase classname="ml-agents.mlagents.trainers.tests.torch.test_ppo" name="test_ppo_optimizer_update_curiosity[no_rnn-visual-discrete]" time="0.177" /><testcase classname="ml-agents.mlagents.trainers.tests.torch.test_ppo" name="test_ppo_optimizer_update_curiosity[no_rnn-visual-continuous]" time="0.192" /><testcase classname="ml-agents.mlagents.trainers.tests.torch.test_ppo" name="test_ppo_optimizer_update_curiosity[no_rnn-vector-discrete]" time="0.037" /><testcase classname="ml-agents.mlagents.trainers.tests.torch.test_ppo" name="test_ppo_optimizer_update_curiosity[no_rnn-vector-continuous]" time="0.028" /><testcase classname="ml-agents.mlagents.trainers.tests.torch.test_ppo" name="test_ppo_optimizer_update_gail" time="0.375" /><testcase classname="ml-agents.mlagents.trainers.tests.torch.test_ppo" name="test_ppo_get_value_estimates[rnn-visual-discrete]" time="0.043" /><testcase classname="ml-agents.mlagents.trainers.tests.torch.test_ppo" name="test_ppo_get_value_estimates[rnn-visual-continuous]" time="0.042" /><testcase classname="ml-agents.mlagents.trainers.tests.torch.test_ppo" name="test_ppo_get_value_estimates[rnn-vector-discrete]" time="0.020" /><testcase classname="ml-agents.mlagents.trainers.tests.torch.test_ppo" name="test_ppo_get_value_estimates[rnn-vector-continuous]" time="0.019" /><testcase classname="ml-agents.mlagents.trainers.tests.torch.test_ppo" name="test_ppo_get_value_estimates[no_rnn-visual-discrete]" time="0.037" /><testcase classname="ml-agents.mlagents.trainers.tests.torch.test_ppo" name="test_ppo_get_value_estimates[no_rnn-visual-continuous]" time="0.050" /><testcase classname="ml-agents.mlagents.trainers.tests.torch.test_ppo" name="test_ppo_get_value_estimates[no_rnn-vector-discrete]" time="0.017" /><testcase classname="ml-agents.mlagents.trainers.tests.torch.test_ppo" name="test_ppo_get_value_estimates[no_rnn-vector-continuous]" time="0.013" /><testcase classname="ml-agents.mlagents.trainers.tests.torch.test_sac" name="test_sac_optimizer_update[rnn-visual-discrete]" time="0.165" /><testcase classname="ml-agents.mlagents.trainers.tests.torch.test_sac" name="test_sac_optimizer_update[rnn-visual-continuous]" time="0.178" /><testcase classname="ml-agents.mlagents.trainers.tests.torch.test_sac" name="test_sac_optimizer_update[rnn-vector-discrete]" time="0.046" /><testcase classname="ml-agents.mlagents.trainers.tests.torch.test_sac" name="test_sac_optimizer_update[rnn-vector-continuous]" time="0.038" /><testcase classname="ml-agents.mlagents.trainers.tests.torch.test_sac" name="test_sac_optimizer_update[no_rnn-visual-discrete]" time="0.180" /><testcase classname="ml-agents.mlagents.trainers.tests.torch.test_sac" name="test_sac_optimizer_update[no_rnn-visual-continuous]" time="0.178" /><testcase classname="ml-agents.mlagents.trainers.tests.torch.test_sac" name="test_sac_optimizer_update[no_rnn-vector-discrete]" time="0.030" /><testcase classname="ml-agents.mlagents.trainers.tests.torch.test_sac" name="test_sac_optimizer_update[no_rnn-vector-continuous]" time="0.021" /><testcase classname="ml-agents.mlagents.trainers.tests.torch.test_sac" name="test_sac_update_reward_signals[discrete]" time="0.026" /><testcase classname="ml-agents.mlagents.trainers.tests.torch.test_sac" name="test_sac_update_reward_signals[continuous]" time="0.022" /><testcase classname="ml-agents.mlagents.trainers.tests.torch.test_simple_rl" name="test_simple_poca[action_sizes0]" time="9.284" /><testcase classname="ml-agents.mlagents.trainers.tests.torch.test_simple_rl" name="test_simple_poca[action_sizes1]" time="8.466" /><testcase classname="ml-agents.mlagents.trainers.tests.torch.test_simple_rl" name="test_visual_poca[1]" time="13.645" /><testcase classname="ml-agents.mlagents.trainers.tests.torch.test_simple_rl" name="test_visual_poca[2]" time="17.791" /><testcase classname="ml-agents.mlagents.trainers.tests.torch.test_simple_rl" name="test_var_len_obs_and_goal_poca[0-0-1-ConditioningType.HYPER]" time="24.145" /><testcase classname="ml-agents.mlagents.trainers.tests.torch.test_simple_rl" name="test_var_len_obs_and_goal_poca[0-0-2-ConditioningType.HYPER]" time="33.832" /><testcase classname="ml-agents.mlagents.trainers.tests.torch.test_simple_rl" name="test_var_len_obs_and_goal_poca[0-1-1-ConditioningType.HYPER]" time="27.090" /><testcase classname="ml-agents.mlagents.trainers.tests.torch.test_simple_rl" name="test_var_len_obs_and_goal_poca[0-1-2-ConditioningType.HYPER]" time="40.769" /><testcase classname="ml-agents.mlagents.trainers.tests.torch.test_simple_rl" name="test_var_len_obs_and_goal_poca[1-0-1-ConditioningType.HYPER]" time="33.989" /><testcase classname="ml-agents.mlagents.trainers.tests.torch.test_simple_rl" name="test_var_len_obs_and_goal_poca[1-0-2-ConditioningType.HYPER]" time="47.054" /><testcase classname="ml-agents.mlagents.trainers.tests.torch.test_simple_rl" name="test_var_len_obs_and_goal_poca[1-1-1-ConditioningType.HYPER]" time="32.327" /><testcase classname="ml-agents.mlagents.trainers.tests.torch.test_simple_rl" name="test_var_len_obs_and_goal_poca[1-1-2-ConditioningType.HYPER]" time="44.279" /><testcase classname="ml-agents.mlagents.trainers.tests.torch.test_simple_rl" name="test_recurrent_poca[True-action_sizes0]" time="3.463" /><testcase classname="ml-agents.mlagents.trainers.tests.torch.test_simple_rl" name="test_recurrent_poca[True-action_sizes1]" time="2.383" /><testcase classname="ml-agents.mlagents.trainers.tests.torch.test_simple_rl" name="test_recurrent_poca[False-action_sizes0]" time="111.199" /><testcase classname="ml-agents.mlagents.trainers.tests.torch.test_simple_rl" name="test_recurrent_poca[False-action_sizes1]" time="96.492" /><testcase classname="ml-agents.mlagents.trainers.tests.torch.test_simple_rl" name="test_simple_ppo[action_sizes0]" time="6.547" /><testcase classname="ml-agents.mlagents.trainers.tests.torch.test_simple_rl" name="test_simple_ppo[action_sizes1]" time="5.860" /><testcase classname="ml-agents.mlagents.trainers.tests.torch.test_simple_rl" name="test_2d_ppo[action_sizes0]" time="22.808" /><testcase classname="ml-agents.mlagents.trainers.tests.torch.test_simple_rl" name="test_2d_ppo[action_sizes1]" time="16.503" /><testcase classname="ml-agents.mlagents.trainers.tests.torch.test_simple_rl" name="test_visual_ppo[1-action_sizes0]" time="9.465" /><testcase classname="ml-agents.mlagents.trainers.tests.torch.test_simple_rl" name="test_visual_ppo[1-action_sizes1]" time="8.552" /><testcase classname="ml-agents.mlagents.trainers.tests.torch.test_simple_rl" name="test_visual_ppo[2-action_sizes0]" time="11.845" /><testcase classname="ml-agents.mlagents.trainers.tests.torch.test_simple_rl" name="test_visual_ppo[2-action_sizes1]" time="11.657" /><testcase classname="ml-agents.mlagents.trainers.tests.torch.test_simple_rl" name="test_var_len_obs_and_goal_ppo[0-0-1-action_sizes0-ConditioningType.HYPER]" time="14.893" /><testcase classname="ml-agents.mlagents.trainers.tests.torch.test_simple_rl" name="test_var_len_obs_and_goal_ppo[0-0-1-action_sizes1-ConditioningType.HYPER]" time="14.212" /><testcase classname="ml-agents.mlagents.trainers.tests.torch.test_simple_rl" name="test_var_len_obs_and_goal_ppo[0-0-2-action_sizes0-ConditioningType.HYPER]" time="19.335" /><testcase time="0.001" /></testsuite></testsuites>